<?xml version="1.0" encoding="UTF-8"?>
<testng-results total="2" passed="2" failed="0" skipped="0">
  <reporter-output>
  </reporter-output>
  <suite started-at="2020-07-23T17:46:00Z" name="Default suite" finished-at="2020-07-23T17:46:22Z" duration-ms="22212">
    <groups>
    </groups>
    <test started-at="2020-07-23T17:46:00Z" name="Default test" finished-at="2020-07-23T17:46:22Z" duration-ms="22212">
      <class name="Academy.E2Eproject.HomePage">
        <test-method is-config="true" signature="intialize()[pri:0, instance:Academy.E2Eproject.HomePage@32502377]" started-at="2020-07-23T23:16:00Z" name="intialize" finished-at="2020-07-23T23:16:06Z" duration-ms="6465" status="PASS">
          <reporter-output>
          </reporter-output>
        </test-method> <!-- intialize -->
        <test-method signature="basePageNavigation(java.lang.String, java.lang.String, java.lang.String)[pri:0, instance:Academy.E2Eproject.HomePage@32502377]" started-at="2020-07-23T23:16:06Z" name="basePageNavigation" data-provider="getData" finished-at="2020-07-23T23:16:16Z" duration-ms="9633" status="PASS">
          <params>
            <param index="0">
              <value>
                <![CDATA[nonrestricteduser@cw.com]]>
              </value>
            </param>
            <param index="1">
              <value>
                <![CDATA[123456]]>
              </value>
            </param>
            <param index="2">
              <value>
                <![CDATA[Resctricted user]]>
              </value>
            </param>
          </params>
          <reporter-output>
          </reporter-output>
        </test-method> <!-- basePageNavigation -->
        <test-method signature="basePageNavigation(java.lang.String, java.lang.String, java.lang.String)[pri:0, instance:Academy.E2Eproject.HomePage@32502377]" started-at="2020-07-23T23:16:16Z" name="basePageNavigation" data-provider="getData" finished-at="2020-07-23T23:16:22Z" duration-ms="5951" status="PASS">
          <params>
            <param index="0">
              <value>
                <![CDATA[Restricteduser@qw.com]]>
              </value>
            </param>
            <param index="1">
              <value>
                <![CDATA[456789]]>
              </value>
            </param>
            <param index="2">
              <value>
                <![CDATA[Non restricted user]]>
              </value>
            </param>
          </params>
          <reporter-output>
          </reporter-output>
        </test-method> <!-- basePageNavigation -->
        <test-method is-config="true" signature="closedown()[pri:0, instance:Academy.E2Eproject.HomePage@32502377]" started-at="2020-07-23T23:16:22Z" name="closedown" finished-at="2020-07-23T23:16:22Z" duration-ms="101" status="PASS">
          <reporter-output>
          </reporter-output>
        </test-method> <!-- closedown -->
      </class> <!-- Academy.E2Eproject.HomePage -->
    </test> <!-- Default test -->
  </suite> <!-- Default suite -->
</testng-results>
